[debug] [2025-08-16T19:35:29.986Z] ----------------------------------------------------------------------
[debug] [2025-08-16T19:35:29.989Z] Command:       C:\Program Files\nodejs\node.exe C:\Users\pajov\AppData\Roaming\npm\node_modules\firebase-tools\lib\bin\firebase.js emulators:start --only functions
[debug] [2025-08-16T19:35:29.989Z] CLI Version:   14.12.1
[debug] [2025-08-16T19:35:29.989Z] Platform:      win32
[debug] [2025-08-16T19:35:29.989Z] Node Version:  v22.11.0
[debug] [2025-08-16T19:35:29.989Z] Time:          Sat Aug 16 2025 21:35:29 GMT+0200 (Central European Summer Time)
[debug] [2025-08-16T19:35:29.989Z] ----------------------------------------------------------------------
[debug] 
[debug] [2025-08-16T19:35:30.160Z] > command requires scopes: ["email","openid","https://www.googleapis.com/auth/cloudplatformprojects.readonly","https://www.googleapis.com/auth/firebase","https://www.googleapis.com/auth/cloud-platform"]
[debug] [2025-08-16T19:35:30.160Z] > authorizing via signed-in user (pajovicv02@gmail.com)
[info] i  emulators: Starting emulators: functions {"metadata":{"emulator":{"name":"hub"},"message":"Starting emulators: functions"}}
[debug] [2025-08-16T19:35:30.167Z] [logging] Logging Emulator only supports listening on one address (127.0.0.1). Not listening on ::1
[debug] [2025-08-16T19:35:30.167Z] assigned listening specs for emulators {"user":{"hub":[{"address":"127.0.0.1","family":"IPv4","port":4400},{"address":"::1","family":"IPv6","port":4400}],"ui":[{"address":"127.0.0.1","family":"IPv4","port":4000},{"address":"::1","family":"IPv6","port":4000}],"logging":[{"address":"127.0.0.1","family":"IPv4","port":4500}]},"metadata":{"message":"assigned listening specs for emulators"}}
[debug] [2025-08-16T19:35:30.171Z] [hub] writing locator at C:\Users\pajov\AppData\Local\Temp\hub-soa-projekt.json
[debug] [2025-08-16T19:35:30.184Z] [eventarc] Eventarc Emulator only supports listening on one address (127.0.0.1). Not listening on ::1
[debug] [2025-08-16T19:35:30.184Z] [tasks] Cloud Tasks Emulator only supports listening on one address (127.0.0.1). Not listening on ::1
[debug] [2025-08-16T19:35:30.184Z] late-assigned ports for functions and eventarc emulators {"user":{"hub":[{"address":"127.0.0.1","family":"IPv4","port":4400},{"address":"::1","family":"IPv6","port":4400}],"ui":[{"address":"127.0.0.1","family":"IPv4","port":4000},{"address":"::1","family":"IPv6","port":4000}],"logging":[{"address":"127.0.0.1","family":"IPv4","port":4500}],"functions":[{"address":"127.0.0.1","family":"IPv4","port":5001}],"eventarc":[{"address":"127.0.0.1","family":"IPv4","port":9299}],"tasks":[{"address":"127.0.0.1","family":"IPv4","port":9499}]},"metadata":{"message":"late-assigned ports for functions and eventarc emulators"}}
[warn] !  functions: The following emulators are not running, calls to these services from the Functions emulator will affect production: apphosting, auth, firestore, database, hosting, pubsub, storage, dataconnect {"metadata":{"emulator":{"name":"functions"},"message":"The following emulators are not running, calls to these services from the Functions emulator will affect production: \u001b[1mapphosting, auth, firestore, database, hosting, pubsub, storage, dataconnect\u001b[22m"}}
[debug] [2025-08-16T19:35:30.198Z] defaultcredentials: writing to file C:\Users\pajov\AppData\Roaming\firebase\pajovicv02_gmail_com_application_default_credentials.json
[debug] [2025-08-16T19:35:30.200Z] Setting GAC to C:\Users\pajov\AppData\Roaming\firebase\pajovicv02_gmail_com_application_default_credentials.json {"metadata":{"emulator":{"name":"functions"},"message":"Setting GAC to C:\\Users\\pajov\\AppData\\Roaming\\firebase\\pajovicv02_gmail_com_application_default_credentials.json"}}
[debug] [2025-08-16T19:35:30.200Z] Checked if tokens are valid: true, expires at: 1755375412077
[debug] [2025-08-16T19:35:30.200Z] Checked if tokens are valid: true, expires at: 1755375412077
[debug] [2025-08-16T19:35:30.201Z] >>> [apiv2][query] GET https://firebase.googleapis.com/v1beta1/projects/soa-projekt/adminSdkConfig [none]
[debug] [2025-08-16T19:35:30.542Z] <<< [apiv2][status] GET https://firebase.googleapis.com/v1beta1/projects/soa-projekt/adminSdkConfig 200
[debug] [2025-08-16T19:35:30.543Z] <<< [apiv2][body] GET https://firebase.googleapis.com/v1beta1/projects/soa-projekt/adminSdkConfig {"projectId":"soa-projekt","storageBucket":"soa-projekt.firebasestorage.app"}
[info] i  functions: Watching "C:\Projects\SUA projekt\sms-firebase-faas\sms-firebase-faas\functions" for Cloud Functions... {"metadata":{"emulator":{"name":"functions"},"message":"Watching \"C:\\Projects\\SUA projekt\\sms-firebase-faas\\sms-firebase-faas\\functions\" for Cloud Functions..."}}
[debug] [2025-08-16T19:35:30.567Z] Validating nodejs source
[warn] !  functions: package.json indicates an outdated version of firebase-functions. Please upgrade using npm install --save firebase-functions@latest in your functions directory. 
[warn] !  functions: Please note that there will be breaking changes when you upgrade. 
[debug] [2025-08-16T19:35:31.340Z] > [functions] package.json contents: {
  "name": "sms-faas-firebase",
  "version": "1.0.0",
  "engines": {
    "node": ">=18"
  },
  "main": "index.js",
  "scripts": {
    "serve": "firebase emulators:start --only functions",
    "deploy": "firebase deploy --only functions",
    "lint": "echo \"(add your linter here)\""
  },
  "dependencies": {
    "cors": "^2.8.5",
    "express": "^4.19.2",
    "firebase-admin": "^12.5.0",
    "firebase-functions": "^4.7.0",
    "graphql": "^16.9.0",
    "mongodb": "^6.8.0"
  }
}
[debug] [2025-08-16T19:35:31.341Z] Building nodejs source
[debug] [2025-08-16T19:35:31.341Z] Failed to find version of module node: reached end of search path C:\Projects\SUA projekt\sms-firebase-faas\sms-firebase-faas\functions\node_modules
[warn] !  functions: Your requested "node" version "20" doesn't match your global version "22". Using node@22 from host. 
[info] i  functions: Loaded environment variables from .env. 
[info] i  functions: You are using a version of firebase-functions SDK (4.9.0) that does not have support for the newest Firebase Extensions features. Please update firebase-functions SDK to >=5.1.0 to use them correctly 
[debug] [2025-08-16T19:35:31.344Z] Could not find functions.yaml. Must use http discovery
[debug] [2025-08-16T19:35:31.350Z] Found firebase-functions binary at 'C:\Projects\SUA projekt\sms-firebase-faas\sms-firebase-faas\functions\node_modules\.bin\firebase-functions'
[info] Serving at port 8042

[error] (node:6688) [MODULE_TYPELESS_PACKAGE_JSON] Warning: Module type of file:///C:/Projects/SUA%20projekt/sms-firebase-faas/sms-firebase-faas/functions/index.js is not specified and it doesn't parse as CommonJS.
Reparsing as ES module because module syntax was detected. This incurs a performance overhead.
To eliminate this warning, add "type": "module" to C:\Projects\SUA projekt\sms-firebase-faas\sms-firebase-faas\functions\package.json.
(Use `node --trace-warnings ...` to show where the warning was created)

[error] ReferenceError: require is not defined in ES module scope, you can use import instead
    at file:///C:/Projects/SUA%20projekt/sms-firebase-faas/sms-firebase-faas/functions/index.js:1:19
    at ModuleJob.run (node:internal/modules/esm/module_job:268:25)
    at async onImport.tracePromise.__proto__ (node:internal/modules/esm/loader:543:26)
    at async loadModule (C:\Projects\SUA projekt\sms-firebase-faas\sms-firebase-faas\functions\node_modules\firebase-functions\lib\runtime\loader.js:48:20)
    at async loadStack (C:\Projects\SUA projekt\sms-firebase-faas\sms-firebase-faas\functions\node_modules\firebase-functions\lib\runtime\loader.js:93:17)
    at async C:\Projects\SUA projekt\sms-firebase-faas\sms-firebase-faas\functions\node_modules\firebase-functions\lib\bin\firebase-functions.js:56:27

[debug] [2025-08-16T19:35:31.536Z] Got response code 400; body Failed to generate manifest from function source: ReferenceError: require is not defined in ES module scope, you can use import instead
[error] !!  functions: Failed to load function definition from source: FirebaseError: Functions codebase could not be analyzed successfully. It may have a syntax or runtime error {"metadata":{"emulator":{"name":"functions"},"message":"Failed to load function definition from source: FirebaseError: Functions codebase could not be analyzed successfully. It may have a syntax or runtime error"}}
[debug] [2025-08-16T19:35:35.571Z] Could not find VSCode notification endpoint: FetchError: request to http://localhost:40001/vscode/notify failed, reason: . If you are not running the Firebase Data Connect VSCode extension, this is expected and not an issue.
[info] 
┌─────────────────────────────────────────────────────────────┐
│ ✔  All emulators ready! It is now safe to connect your app. │
│ i  View Emulator UI at http://127.0.0.1:4000/               │
└─────────────────────────────────────────────────────────────┘

┌───────────┬────────────────┬─────────────────────────────────┐
│ Emulator  │ Host:Port      │ View in Emulator UI             │
├───────────┼────────────────┼─────────────────────────────────┤
│ Functions │ 127.0.0.1:5001 │ http://127.0.0.1:4000/functions │
└───────────┴────────────────┴─────────────────────────────────┘
  Emulator Hub host: 127.0.0.1 port: 4400
  Other reserved ports: 4500

Issues? Report them at https://github.com/firebase/firebase-tools/issues and attach the *-debug.log files.
 
[debug] [2025-08-16T19:36:48.738Z] File C:\Projects\SUA projekt\sms-firebase-faas\sms-firebase-faas\functions\package.json changed, reloading triggers {"metadata":{"emulator":{"name":"functions"},"message":"File C:\\Projects\\SUA projekt\\sms-firebase-faas\\sms-firebase-faas\\functions\\package.json changed, reloading triggers"}}
[debug] [2025-08-16T19:36:49.743Z] Validating nodejs source
[warn] !  functions: package.json indicates an outdated version of firebase-functions. Please upgrade using npm install --save firebase-functions@latest in your functions directory. 
[warn] !  functions: Please note that there will be breaking changes when you upgrade. 
[debug] [2025-08-16T19:36:50.512Z] > [functions] package.json contents: {
  "name": "sms-faas-firebase",
  "version": "1.0.0",
  "type": "module",
  "engines": {
    "node": "20"
  },
  "main": "index.js",
  "scripts": {
    "serve": "firebase emulators:start --only functions",
    "deploy": "firebase deploy --only functions",
    "lint": "echo \"(add your linter here)\""
  },
  "dependencies": {
    "cors": "^2.8.5",
    "express": "^4.19.2",
    "firebase-admin": "^12.5.0",
    "firebase-functions": "^4.7.0",
    "graphql": "^16.9.0",
    "mongodb": "^6.8.0"
  }
}
[debug] [2025-08-16T19:36:50.512Z] Building nodejs source
[debug] [2025-08-16T19:36:50.512Z] Failed to find version of module node: reached end of search path C:\Projects\SUA projekt\sms-firebase-faas\sms-firebase-faas\functions\node_modules
[warn] !  functions: Your requested "node" version "20" doesn't match your global version "22". Using node@22 from host. 
[info] i  functions: Loaded environment variables from .env. 
[info] i  functions: You are using a version of firebase-functions SDK (4.9.0) that does not have support for the newest Firebase Extensions features. Please update firebase-functions SDK to >=5.1.0 to use them correctly 
[debug] [2025-08-16T19:36:50.515Z] Could not find functions.yaml. Must use http discovery
[debug] [2025-08-16T19:36:50.520Z] Found firebase-functions binary at 'C:\Projects\SUA projekt\sms-firebase-faas\sms-firebase-faas\functions\node_modules\.bin\firebase-functions'
[info] Serving at port 8020

[error] ReferenceError: require is not defined in ES module scope, you can use import instead
This file is being treated as an ES module because it has a '.js' file extension and 'C:\Projects\SUA projekt\sms-firebase-faas\sms-firebase-faas\functions\package.json' contains "type": "module". To treat it as a CommonJS script, rename it to use the '.cjs' file extension.
    at file:///C:/Projects/SUA%20projekt/sms-firebase-faas/sms-firebase-faas/functions/index.js:1:19
    at ModuleJob.run (node:internal/modules/esm/module_job:268:25)
    at async onImport.tracePromise.__proto__ (node:internal/modules/esm/loader:543:26)
    at async loadModule (C:\Projects\SUA projekt\sms-firebase-faas\sms-firebase-faas\functions\node_modules\firebase-functions\lib\runtime\loader.js:48:20)
    at async loadStack (C:\Projects\SUA projekt\sms-firebase-faas\sms-firebase-faas\functions\node_modules\firebase-functions\lib\runtime\loader.js:93:17)
    at async C:\Projects\SUA projekt\sms-firebase-faas\sms-firebase-faas\functions\node_modules\firebase-functions\lib\bin\firebase-functions.js:56:27

[debug] [2025-08-16T19:36:50.718Z] Got response code 400; body Failed to generate manifest from function source: ReferenceError: require is not defined in ES module scope, you can use import instead
This file is being treated as an ES module because it has a '.js' file extension and 'C:\Projects\SUA projekt\sms-firebase-faas\sms-firebase-faas\functions\package.json' contains "type": "module". To treat it as a CommonJS script, rename it to use the '.cjs' file extension.
[error] !!  functions: Failed to load function definition from source: FirebaseError: Functions codebase could not be analyzed successfully. It may have a syntax or runtime error {"metadata":{"emulator":{"name":"functions"},"message":"Failed to load function definition from source: FirebaseError: Functions codebase could not be analyzed successfully. It may have a syntax or runtime error"}}
[debug] [2025-08-16T19:36:57.134Z] File C:\Projects\SUA projekt\sms-firebase-faas\sms-firebase-faas\functions\mock-sms-provider.js changed, reloading triggers {"metadata":{"emulator":{"name":"functions"},"message":"File C:\\Projects\\SUA projekt\\sms-firebase-faas\\sms-firebase-faas\\functions\\mock-sms-provider.js changed, reloading triggers"}}
[debug] [2025-08-16T19:36:58.144Z] Validating nodejs source
[warn] !  functions: package.json indicates an outdated version of firebase-functions. Please upgrade using npm install --save firebase-functions@latest in your functions directory. 
[warn] !  functions: Please note that there will be breaking changes when you upgrade. 
[debug] [2025-08-16T19:36:58.922Z] > [functions] package.json contents: {
  "name": "sms-faas-firebase",
  "version": "1.0.0",
  "type": "module",
  "engines": {
    "node": "20"
  },
  "main": "index.js",
  "scripts": {
    "serve": "firebase emulators:start --only functions",
    "deploy": "firebase deploy --only functions",
    "lint": "echo \"(add your linter here)\""
  },
  "dependencies": {
    "cors": "^2.8.5",
    "express": "^4.19.2",
    "firebase-admin": "^12.5.0",
    "firebase-functions": "^4.7.0",
    "graphql": "^16.9.0",
    "mongodb": "^6.8.0"
  }
}
[debug] [2025-08-16T19:36:58.923Z] Building nodejs source
[debug] [2025-08-16T19:36:58.923Z] Failed to find version of module node: reached end of search path C:\Projects\SUA projekt\sms-firebase-faas\sms-firebase-faas\functions\node_modules
[warn] !  functions: Your requested "node" version "20" doesn't match your global version "22". Using node@22 from host. 
[info] i  functions: Loaded environment variables from .env. 
[info] i  functions: You are using a version of firebase-functions SDK (4.9.0) that does not have support for the newest Firebase Extensions features. Please update firebase-functions SDK to >=5.1.0 to use them correctly 
[debug] [2025-08-16T19:36:58.924Z] Could not find functions.yaml. Must use http discovery
[debug] [2025-08-16T19:36:58.929Z] Found firebase-functions binary at 'C:\Projects\SUA projekt\sms-firebase-faas\sms-firebase-faas\functions\node_modules\.bin\firebase-functions'
[info] Serving at port 8426

[error] ReferenceError: require is not defined in ES module scope, you can use import instead
This file is being treated as an ES module because it has a '.js' file extension and 'C:\Projects\SUA projekt\sms-firebase-faas\sms-firebase-faas\functions\package.json' contains "type": "module". To treat it as a CommonJS script, rename it to use the '.cjs' file extension.
    at file:///C:/Projects/SUA%20projekt/sms-firebase-faas/sms-firebase-faas/functions/index.js:1:19
    at ModuleJob.run (node:internal/modules/esm/module_job:268:25)
    at async onImport.tracePromise.__proto__ (node:internal/modules/esm/loader:543:26)
    at async loadModule (C:\Projects\SUA projekt\sms-firebase-faas\sms-firebase-faas\functions\node_modules\firebase-functions\lib\runtime\loader.js:48:20)
    at async loadStack (C:\Projects\SUA projekt\sms-firebase-faas\sms-firebase-faas\functions\node_modules\firebase-functions\lib\runtime\loader.js:93:17)
    at async C:\Projects\SUA projekt\sms-firebase-faas\sms-firebase-faas\functions\node_modules\firebase-functions\lib\bin\firebase-functions.js:56:27

[debug] [2025-08-16T19:36:59.132Z] Got response code 400; body Failed to generate manifest from function source: ReferenceError: require is not defined in ES module scope, you can use import instead
This file is being treated as an ES module because it has a '.js' file extension and 'C:\Projects\SUA projekt\sms-firebase-faas\sms-firebase-faas\functions\package.json' contains "type": "module". To treat it as a CommonJS script, rename it to use the '.cjs' file extension.
[error] !!  functions: Failed to load function definition from source: FirebaseError: Functions codebase could not be analyzed successfully. It may have a syntax or runtime error {"metadata":{"emulator":{"name":"functions"},"message":"Failed to load function definition from source: FirebaseError: Functions codebase could not be analyzed successfully. It may have a syntax or runtime error"}}
[debug] [2025-08-16T19:37:05.385Z] File C:\Projects\SUA projekt\sms-firebase-faas\sms-firebase-faas\functions\index.js changed, reloading triggers {"metadata":{"emulator":{"name":"functions"},"message":"File C:\\Projects\\SUA projekt\\sms-firebase-faas\\sms-firebase-faas\\functions\\index.js changed, reloading triggers"}}
[debug] [2025-08-16T19:37:06.386Z] Validating nodejs source
[warn] !  functions: package.json indicates an outdated version of firebase-functions. Please upgrade using npm install --save firebase-functions@latest in your functions directory. 
[warn] !  functions: Please note that there will be breaking changes when you upgrade. 
[debug] [2025-08-16T19:37:07.099Z] > [functions] package.json contents: {
  "name": "sms-faas-firebase",
  "version": "1.0.0",
  "type": "module",
  "engines": {
    "node": "20"
  },
  "main": "index.js",
  "scripts": {
    "serve": "firebase emulators:start --only functions",
    "deploy": "firebase deploy --only functions",
    "lint": "echo \"(add your linter here)\""
  },
  "dependencies": {
    "cors": "^2.8.5",
    "express": "^4.19.2",
    "firebase-admin": "^12.5.0",
    "firebase-functions": "^4.7.0",
    "graphql": "^16.9.0",
    "mongodb": "^6.8.0"
  }
}
[debug] [2025-08-16T19:37:07.099Z] Building nodejs source
[debug] [2025-08-16T19:37:07.100Z] Failed to find version of module node: reached end of search path C:\Projects\SUA projekt\sms-firebase-faas\sms-firebase-faas\functions\node_modules
[warn] !  functions: Your requested "node" version "20" doesn't match your global version "22". Using node@22 from host. 
[info] i  functions: Loaded environment variables from .env. 
[info] i  functions: You are using a version of firebase-functions SDK (4.9.0) that does not have support for the newest Firebase Extensions features. Please update firebase-functions SDK to >=5.1.0 to use them correctly 
[debug] [2025-08-16T19:37:07.101Z] Could not find functions.yaml. Must use http discovery
[debug] [2025-08-16T19:37:07.106Z] Found firebase-functions binary at 'C:\Projects\SUA projekt\sms-firebase-faas\sms-firebase-faas\functions\node_modules\.bin\firebase-functions'
[info] Serving at port 8724

[debug] [2025-08-16T19:37:07.548Z] Got response from /__/functions.yaml {"endpoints":{"api":{"platform":"gcfv1","availableMemoryMb":null,"timeoutSeconds":null,"minInstances":null,"maxInstances":null,"ingressSettings":null,"serviceAccountEmail":null,"vpc":null,"httpsTrigger":{},"entryPoint":"api"},"mockSms":{"platform":"gcfv1","availableMemoryMb":null,"timeoutSeconds":null,"minInstances":null,"maxInstances":null,"ingressSettings":null,"serviceAccountEmail":null,"vpc":null,"httpsTrigger":{},"entryPoint":"mockSms"}},"specVersion":"v1alpha1","requiredAPIs":[]}
[info] +  functions: Loaded functions definitions from source: api, mockSms. {"metadata":{"emulator":{"name":"functions"},"message":"Loaded functions definitions from source: api, mockSms."}}
[info] +  functions[us-central1-api]: http function initialized (http://127.0.0.1:5001/soa-projekt/us-central1/api). {"metadata":{"emulator":{"name":"functions"},"message":"\u001b[1mhttp\u001b[22m function initialized (http://127.0.0.1:5001/soa-projekt/us-central1/api)."}}
[info] +  functions[us-central1-mockSms]: http function initialized (http://127.0.0.1:5001/soa-projekt/us-central1/mockSms). {"metadata":{"emulator":{"name":"functions"},"message":"\u001b[1mhttp\u001b[22m function initialized (http://127.0.0.1:5001/soa-projekt/us-central1/mockSms)."}}
[debug] [2025-08-16T19:37:51.967Z] [work-queue] {"queuedWork":["/soa-projekt/us-central1/mockSms-2025-08-16T19:37:51.967Z"],"queueLength":1,"runningWork":[],"workRunningCount":0}
[debug] [2025-08-16T19:37:51.967Z] [work-queue] {"queuedWork":[],"queueLength":0,"runningWork":["/soa-projekt/us-central1/mockSms-2025-08-16T19:37:51.967Z"],"workRunningCount":1}
[debug] [2025-08-16T19:37:51.968Z] Accepted request POST /soa-projekt/us-central1/mockSms --> us-central1-mockSms
[debug] [2025-08-16T19:37:51.970Z] [functions] Runtime ready! Sending request! {"metadata":{"emulator":{"name":"functions"},"message":"[functions] Runtime ready! Sending request!"}}
[debug] [2025-08-16T19:37:51.970Z] [functions] Got req.url=/soa-projekt/us-central1/mockSms, mapping to path=/ {"metadata":{"emulator":{"name":"functions"},"message":"[functions] Got req.url=/soa-projekt/us-central1/mockSms, mapping to path=/"}}
[info] i  functions: Loaded environment variables from .env. 
[debug] [2025-08-16T19:37:51.983Z] [worker-pool] addWorker(us-central1-mockSms) {"metadata":{"emulator":{"name":"functions"},"message":"[worker-pool] addWorker(us-central1-mockSms)"}}
[debug] [2025-08-16T19:37:51.984Z] [worker-pool] Adding worker with key us-central1-mockSms, total=1 {"metadata":{"emulator":{"name":"functions"},"message":"[worker-pool] Adding worker with key us-central1-mockSms, total=1"}}
[info] >  (node:19244) [DEP0040] DeprecationWarning: The `punycode` module is deprecated. Please use a userland alternative instead. {"user":"(node:19244) [DEP0040] DeprecationWarning: The `punycode` module is deprecated. Please use a userland alternative instead.","metadata":{"emulator":{"name":"functions"},"function":{"name":"us-central1-mockSms"},"extension":{},"message":"\u001b[90m> \u001b[39m (node:19244) [DEP0040] DeprecationWarning: The `punycode` module is deprecated. Please use a userland alternative instead."}}
[info] >  (Use `node --trace-deprecation ...` to show where the warning was created) {"user":"(Use `node --trace-deprecation ...` to show where the warning was created)","metadata":{"emulator":{"name":"functions"},"function":{"name":"us-central1-mockSms"},"extension":{},"message":"\u001b[90m> \u001b[39m (Use `node --trace-deprecation ...` to show where the warning was created)"}}
[debug] [2025-08-16T19:37:52.906Z] [runtime-status] [19244] Resolved module firebase-admin {"declared":true,"installed":true,"version":"12.7.0","resolution":"C:\\Projects\\SUA projekt\\sms-firebase-faas\\sms-firebase-faas\\functions\\node_modules\\firebase-admin\\lib\\index.js"} {"metadata":{"emulator":{"name":"functions"},"function":{"name":"us-central1-mockSms"},"extension":{},"message":"[runtime-status] [19244] Resolved module firebase-admin {\"declared\":true,\"installed\":true,\"version\":\"12.7.0\",\"resolution\":\"C:\\\\Projects\\\\SUA projekt\\\\sms-firebase-faas\\\\sms-firebase-faas\\\\functions\\\\node_modules\\\\firebase-admin\\\\lib\\\\index.js\"}"}}
[debug] [2025-08-16T19:37:52.906Z] [runtime-status] [19244] Resolved module firebase-functions {"declared":true,"installed":true,"version":"4.9.0","resolution":"C:\\Projects\\SUA projekt\\sms-firebase-faas\\sms-firebase-faas\\functions\\node_modules\\firebase-functions\\lib\\v1\\index.js"} {"metadata":{"emulator":{"name":"functions"},"function":{"name":"us-central1-mockSms"},"extension":{},"message":"[runtime-status] [19244] Resolved module firebase-functions {\"declared\":true,\"installed\":true,\"version\":\"4.9.0\",\"resolution\":\"C:\\\\Projects\\\\SUA projekt\\\\sms-firebase-faas\\\\sms-firebase-faas\\\\functions\\\\node_modules\\\\firebase-functions\\\\lib\\\\v1\\\\index.js\"}"}}
[debug] [2025-08-16T19:37:52.907Z] [runtime-status] [19244] Outgoing network have been stubbed. [{"name":"http","status":"mocked"},{"name":"http","status":"mocked"},{"name":"https","status":"mocked"},{"name":"https","status":"mocked"},{"name":"net","status":"mocked"}] {"metadata":{"emulator":{"name":"functions"},"function":{"name":"us-central1-mockSms"},"extension":{},"message":"[runtime-status] [19244] Outgoing network have been stubbed. [{\"name\":\"http\",\"status\":\"mocked\"},{\"name\":\"http\",\"status\":\"mocked\"},{\"name\":\"https\",\"status\":\"mocked\"},{\"name\":\"https\",\"status\":\"mocked\"},{\"name\":\"net\",\"status\":\"mocked\"}]"}}
[debug] [2025-08-16T19:37:52.907Z] [runtime-status] [19244] Resolved module firebase-functions {"declared":true,"installed":true,"version":"4.9.0","resolution":"C:\\Projects\\SUA projekt\\sms-firebase-faas\\sms-firebase-faas\\functions\\node_modules\\firebase-functions\\lib\\v1\\index.js"} {"metadata":{"emulator":{"name":"functions"},"function":{"name":"us-central1-mockSms"},"extension":{},"message":"[runtime-status] [19244] Resolved module firebase-functions {\"declared\":true,\"installed\":true,\"version\":\"4.9.0\",\"resolution\":\"C:\\\\Projects\\\\SUA projekt\\\\sms-firebase-faas\\\\sms-firebase-faas\\\\functions\\\\node_modules\\\\firebase-functions\\\\lib\\\\v1\\\\index.js\"}"}}
[debug] [2025-08-16T19:37:53.196Z] [runtime-status] [19244] Checked functions.config() {"config":{}} {"metadata":{"emulator":{"name":"functions"},"function":{"name":"us-central1-mockSms"},"extension":{},"message":"[runtime-status] [19244] Checked functions.config() {\"config\":{}}"}}
[debug] [2025-08-16T19:37:53.196Z] [runtime-status] [19244] firebase-functions has been stubbed. {"functionsResolution":{"declared":true,"installed":true,"version":"4.9.0","resolution":"C:\\Projects\\SUA projekt\\sms-firebase-faas\\sms-firebase-faas\\functions\\node_modules\\firebase-functions\\lib\\v1\\index.js"}} {"metadata":{"emulator":{"name":"functions"},"function":{"name":"us-central1-mockSms"},"extension":{},"message":"[runtime-status] [19244] firebase-functions has been stubbed. {\"functionsResolution\":{\"declared\":true,\"installed\":true,\"version\":\"4.9.0\",\"resolution\":\"C:\\\\Projects\\\\SUA projekt\\\\sms-firebase-faas\\\\sms-firebase-faas\\\\functions\\\\node_modules\\\\firebase-functions\\\\lib\\\\v1\\\\index.js\"}}"}}
[debug] [2025-08-16T19:37:53.197Z] [runtime-status] [19244] Resolved module firebase-functions {"declared":true,"installed":true,"version":"4.9.0","resolution":"C:\\Projects\\SUA projekt\\sms-firebase-faas\\sms-firebase-faas\\functions\\node_modules\\firebase-functions\\lib\\v1\\index.js"} {"metadata":{"emulator":{"name":"functions"},"function":{"name":"us-central1-mockSms"},"extension":{},"message":"[runtime-status] [19244] Resolved module firebase-functions {\"declared\":true,\"installed\":true,\"version\":\"4.9.0\",\"resolution\":\"C:\\\\Projects\\\\SUA projekt\\\\sms-firebase-faas\\\\sms-firebase-faas\\\\functions\\\\node_modules\\\\firebase-functions\\\\lib\\\\v1\\\\index.js\"}"}}
[debug] [2025-08-16T19:37:53.198Z] [runtime-status] [19244] Resolved module firebase-admin {"declared":true,"installed":true,"version":"12.7.0","resolution":"C:\\Projects\\SUA projekt\\sms-firebase-faas\\sms-firebase-faas\\functions\\node_modules\\firebase-admin\\lib\\index.js"} {"metadata":{"emulator":{"name":"functions"},"function":{"name":"us-central1-mockSms"},"extension":{},"message":"[runtime-status] [19244] Resolved module firebase-admin {\"declared\":true,\"installed\":true,\"version\":\"12.7.0\",\"resolution\":\"C:\\\\Projects\\\\SUA projekt\\\\sms-firebase-faas\\\\sms-firebase-faas\\\\functions\\\\node_modules\\\\firebase-admin\\\\lib\\\\index.js\"}"}}
[debug] [2025-08-16T19:37:53.200Z] [runtime-status] [19244] Resolved module firebase-functions {"declared":true,"installed":true,"version":"4.9.0","resolution":"C:\\Projects\\SUA projekt\\sms-firebase-faas\\sms-firebase-faas\\functions\\node_modules\\firebase-functions\\lib\\v1\\index.js"} {"metadata":{"emulator":{"name":"functions"},"function":{"name":"us-central1-mockSms"},"extension":{},"message":"[runtime-status] [19244] Resolved module firebase-functions {\"declared\":true,\"installed\":true,\"version\":\"4.9.0\",\"resolution\":\"C:\\\\Projects\\\\SUA projekt\\\\sms-firebase-faas\\\\sms-firebase-faas\\\\functions\\\\node_modules\\\\firebase-functions\\\\lib\\\\v1\\\\index.js\"}"}}
[debug] [2025-08-16T19:37:53.200Z] [runtime-status] [19244] firebase-admin has been stubbed. {"adminResolution":{"declared":true,"installed":true,"version":"12.7.0","resolution":"C:\\Projects\\SUA projekt\\sms-firebase-faas\\sms-firebase-faas\\functions\\node_modules\\firebase-admin\\lib\\index.js"}} {"metadata":{"emulator":{"name":"functions"},"function":{"name":"us-central1-mockSms"},"extension":{},"message":"[runtime-status] [19244] firebase-admin has been stubbed. {\"adminResolution\":{\"declared\":true,\"installed\":true,\"version\":\"12.7.0\",\"resolution\":\"C:\\\\Projects\\\\SUA projekt\\\\sms-firebase-faas\\\\sms-firebase-faas\\\\functions\\\\node_modules\\\\firebase-admin\\\\lib\\\\index.js\"}}"}}
[debug] [2025-08-16T19:37:53.316Z] [runtime-status] [19244] Functions runtime initialized. {"cwd":"C:\\Projects\\SUA projekt\\sms-firebase-faas\\sms-firebase-faas\\functions","node_version":"22.11.0"} {"metadata":{"emulator":{"name":"functions"},"function":{"name":"us-central1-mockSms"},"extension":{},"message":"[runtime-status] [19244] Functions runtime initialized. {\"cwd\":\"C:\\\\Projects\\\\SUA projekt\\\\sms-firebase-faas\\\\sms-firebase-faas\\\\functions\",\"node_version\":\"22.11.0\"}"}}
[debug] [2025-08-16T19:37:53.316Z] [runtime-status] [19244] Listening to port: \\?\pipe\fire_emu_c1effbf5db47fd8a {"metadata":{"emulator":{"name":"functions"},"function":{"name":"us-central1-mockSms"},"extension":{},"message":"[runtime-status] [19244] Listening to port: \\\\?\\pipe\\fire_emu_c1effbf5db47fd8a"}}
[debug] [2025-08-16T19:37:53.402Z] [worker-us-central1-mockSms-f0434ffe-478c-4090-ac16-4009b1c3c667]: IDLE {"metadata":{"emulator":{"name":"functions"},"function":{"name":"us-central1-mockSms"},"extension":{},"message":"[worker-us-central1-mockSms-f0434ffe-478c-4090-ac16-4009b1c3c667]: IDLE"}}
[debug] [2025-08-16T19:37:53.402Z] [worker-pool] submitRequest(triggerId=us-central1-mockSms) {"metadata":{"emulator":{"name":"functions"},"message":"[worker-pool] submitRequest(triggerId=us-central1-mockSms)"}}
[info] i  functions: Beginning execution of "us-central1-mockSms" {"metadata":{"emulator":{"name":"functions"},"function":{"name":"us-central1-mockSms"},"extension":{},"message":"Beginning execution of \"us-central1-mockSms\""}}
[debug] [2025-08-16T19:37:53.403Z] [worker-us-central1-mockSms-f0434ffe-478c-4090-ac16-4009b1c3c667]: BUSY {"metadata":{"emulator":{"name":"functions"},"function":{"name":"us-central1-mockSms"},"extension":{},"message":"[worker-us-central1-mockSms-f0434ffe-478c-4090-ac16-4009b1c3c667]: BUSY"}}
[debug] [2025-08-16T19:37:53.427Z] Finishing up request with event=pause {"metadata":{"emulator":{"name":"functions"},"function":{"name":"us-central1-mockSms"},"extension":{},"message":"Finishing up request with event=pause"}}
[info] i  functions: Finished "us-central1-mockSms" in 23.4885ms {"metadata":{"emulator":{"name":"functions"},"function":{"name":"us-central1-mockSms"},"extension":{},"message":"Finished \"us-central1-mockSms\" in 23.4885ms"}}
[debug] [2025-08-16T19:37:53.427Z] [worker-us-central1-mockSms-f0434ffe-478c-4090-ac16-4009b1c3c667]: IDLE {"metadata":{"emulator":{"name":"functions"},"function":{"name":"us-central1-mockSms"},"extension":{},"message":"[worker-us-central1-mockSms-f0434ffe-478c-4090-ac16-4009b1c3c667]: IDLE"}}
[debug] [2025-08-16T19:37:53.427Z] Finishing up request with event=finish {"metadata":{"emulator":{"name":"functions"},"function":{"name":"us-central1-mockSms"},"extension":{},"message":"Finishing up request with event=finish"}}
[debug] [2025-08-16T19:37:53.427Z] Finishing up request with event=close {"metadata":{"emulator":{"name":"functions"},"function":{"name":"us-central1-mockSms"},"extension":{},"message":"Finishing up request with event=close"}}
[debug] [2025-08-16T19:37:53.428Z] [work-queue] {"queuedWork":[],"queueLength":0,"runningWork":[],"workRunningCount":0}
